2019-06-18 14:54:56.179  INFO 8584 --- [restartedMain] com.scott.dp.DpApplication               : Starting DpApplication on PC-Xue with PID 8584 (E:\work\idea\dp-Boot\target\classes started by Administrator in E:\work\idea\dp-Boot)
2019-06-18 14:54:56.180 DEBUG 8584 --- [restartedMain] com.scott.dp.DpApplication               : Running with Spring Boot v2.0.4.RELEASE, Spring v5.0.8.RELEASE
2019-06-18 14:54:56.182  INFO 8584 --- [restartedMain] com.scott.dp.DpApplication               : The following profiles are active: sit
2019-06-18 14:54:56.494  INFO 8584 --- [restartedMain] ConfigServletWebServerApplicationContext : Refreshing org.springframework.boot.web.servlet.context.AnnotationConfigServletWebServerApplicationContext@40ee4604: startup date [Tue Jun 18 14:54:56 CST 2019]; root of context hierarchy
2019-06-18 14:55:01.323  INFO 8584 --- [restartedMain] o.s.b.f.s.DefaultListableBeanFactory     : Overriding bean definition for bean 'redisTemplate' with a different definition: replacing [Root bean: class [null]; scope=; abstract=false; lazyInit=false; autowireMode=3; dependencyCheck=0; autowireCandidate=true; primary=false; factoryBeanName=redisConfiguration; factoryMethodName=redisTemplate; initMethodName=null; destroyMethodName=(inferred); defined in class path resource [com/scott/dp/common/redis/config/RedisConfiguration.class]] with [Root bean: class [null]; scope=; abstract=false; lazyInit=false; autowireMode=3; dependencyCheck=0; autowireCandidate=true; primary=false; factoryBeanName=redisConfig; factoryMethodName=redisTemplate; initMethodName=null; destroyMethodName=(inferred); defined in class path resource [com/scott/dp/common/support/config/RedisConfig.class]]
2019-06-18 14:55:07.409  INFO 8584 --- [restartedMain] .s.d.r.c.RepositoryConfigurationDelegate : Multiple Spring Data modules found, entering strict repository configuration mode!
2019-06-18 14:55:08.515  INFO 8584 --- [restartedMain] trationDelegate$BeanPostProcessorChecker : Bean 'springContextUtils' of type [com.scott.dp.common.utils.SpringContextUtils] is not eligible for getting processed by all BeanPostProcessors (for example: not eligible for auto-proxying)
2019-06-18 14:55:08.521  INFO 8584 --- [restartedMain] trationDelegate$BeanPostProcessorChecker : Bean 'shiroConfig' of type [com.scott.dp.common.support.config.ShiroConfig$$EnhancerBySpringCGLIB$$4de3a36e] is not eligible for getting processed by all BeanPostProcessors (for example: not eligible for auto-proxying)
2019-06-18 14:55:08.651  INFO 8584 --- [restartedMain] trationDelegate$BeanPostProcessorChecker : Bean 'org.springframework.boot.context.properties.ConversionServiceDeducer$Factory' of type [org.springframework.boot.context.properties.ConversionServiceDeducer$Factory] is not eligible for getting processed by all BeanPostProcessors (for example: not eligible for auto-proxying)
2019-06-18 14:55:08.671  INFO 8584 --- [restartedMain] trationDelegate$BeanPostProcessorChecker : Bean 'globalProperties' of type [com.scott.dp.common.support.properties.GlobalProperties] is not eligible for getting processed by all BeanPostProcessors (for example: not eligible for auto-proxying)
2019-06-18 14:55:08.711  INFO 8584 --- [restartedMain] trationDelegate$BeanPostProcessorChecker : Bean 'sessionManager' of type [org.apache.shiro.web.session.mgt.DefaultWebSessionManager] is not eligible for getting processed by all BeanPostProcessors (for example: not eligible for auto-proxying)
2019-06-18 14:55:09.203  INFO 8584 --- [restartedMain] trationDelegate$BeanPostProcessorChecker : Bean 'mybatis-org.mybatis.spring.boot.autoconfigure.MybatisProperties' of type [org.mybatis.spring.boot.autoconfigure.MybatisProperties] is not eligible for getting processed by all BeanPostProcessors (for example: not eligible for auto-proxying)
2019-06-18 14:55:09.225  INFO 8584 --- [restartedMain] trationDelegate$BeanPostProcessorChecker : Bean 'org.mybatis.spring.boot.autoconfigure.MybatisAutoConfiguration' of type [org.mybatis.spring.boot.autoconfigure.MybatisAutoConfiguration$$EnhancerBySpringCGLIB$$a3f25a56] is not eligible for getting processed by all BeanPostProcessors (for example: not eligible for auto-proxying)
2019-06-18 14:55:09.235  INFO 8584 --- [restartedMain] trationDelegate$BeanPostProcessorChecker : Bean 'dynamicDataSourceConfig' of type [com.scott.dp.common.support.orm.db.DynamicDataSourceConfig$$EnhancerBySpringCGLIB$$ef7e5b61] is not eligible for getting processed by all BeanPostProcessors (for example: not eligible for auto-proxying)
2019-06-18 14:55:09.361  INFO 8584 --- [restartedMain] trationDelegate$BeanPostProcessorChecker : Bean 'spring.datasource-org.springframework.boot.autoconfigure.jdbc.DataSourceProperties' of type [org.springframework.boot.autoconfigure.jdbc.DataSourceProperties] is not eligible for getting processed by all BeanPostProcessors (for example: not eligible for auto-proxying)
2019-06-18 14:55:09.379  INFO 8584 --- [restartedMain] trationDelegate$BeanPostProcessorChecker : Bean 'com.alibaba.druid.spring.boot.autoconfigure.stat.DruidFilterConfiguration' of type [com.alibaba.druid.spring.boot.autoconfigure.stat.DruidFilterConfiguration] is not eligible for getting processed by all BeanPostProcessors (for example: not eligible for auto-proxying)
2019-06-18 14:55:09.457  INFO 8584 --- [restartedMain] trationDelegate$BeanPostProcessorChecker : Bean 'statFilter' of type [com.alibaba.druid.filter.stat.StatFilter] is not eligible for getting processed by all BeanPostProcessors (for example: not eligible for auto-proxying)
2019-06-18 14:55:09.512  INFO 8584 --- [restartedMain] trationDelegate$BeanPostProcessorChecker : Bean 'defaultDataSource' of type [com.alibaba.druid.spring.boot.autoconfigure.DruidDataSourceWrapper] is not eligible for getting processed by all BeanPostProcessors (for example: not eligible for auto-proxying)
2019-06-18 14:55:09.536  INFO 8584 --- [restartedMain] trationDelegate$BeanPostProcessorChecker : Bean 'dataSource' of type [com.scott.dp.common.support.orm.db.DynamicDataSource] is not eligible for getting processed by all BeanPostProcessors (for example: not eligible for auto-proxying)
2019-06-18 14:55:10.494  INFO 8584 --- [restartedMain] trationDelegate$BeanPostProcessorChecker : Bean 'sqlSessionFactory' of type [org.apache.ibatis.session.defaults.DefaultSqlSessionFactory] is not eligible for getting processed by all BeanPostProcessors (for example: not eligible for auto-proxying)
2019-06-18 14:55:10.522  INFO 8584 --- [restartedMain] trationDelegate$BeanPostProcessorChecker : Bean 'sqlSessionTemplate' of type [org.mybatis.spring.SqlSessionTemplate] is not eligible for getting processed by all BeanPostProcessors (for example: not eligible for auto-proxying)
2019-06-18 14:55:10.523  INFO 8584 --- [restartedMain] trationDelegate$BeanPostProcessorChecker : Bean 'sysUserMapper' of type [org.mybatis.spring.mapper.MapperFactoryBean] is not eligible for getting processed by all BeanPostProcessors (for example: not eligible for auto-proxying)
2019-06-18 14:55:10.529  INFO 8584 --- [restartedMain] trationDelegate$BeanPostProcessorChecker : Bean 'sysUserMapper' of type [com.sun.proxy.$Proxy72] is not eligible for getting processed by all BeanPostProcessors (for example: not eligible for auto-proxying)
2019-06-18 14:55:10.536  INFO 8584 --- [restartedMain] trationDelegate$BeanPostProcessorChecker : Bean 'sysMenuMapper' of type [org.mybatis.spring.mapper.MapperFactoryBean] is not eligible for getting processed by all BeanPostProcessors (for example: not eligible for auto-proxying)
2019-06-18 14:55:10.539  INFO 8584 --- [restartedMain] trationDelegate$BeanPostProcessorChecker : Bean 'sysMenuMapper' of type [com.sun.proxy.$Proxy73] is not eligible for getting processed by all BeanPostProcessors (for example: not eligible for auto-proxying)
2019-06-18 14:55:10.546  INFO 8584 --- [restartedMain] trationDelegate$BeanPostProcessorChecker : Bean 'sysRoleMapper' of type [org.mybatis.spring.mapper.MapperFactoryBean] is not eligible for getting processed by all BeanPostProcessors (for example: not eligible for auto-proxying)
2019-06-18 14:55:10.549  INFO 8584 --- [restartedMain] trationDelegate$BeanPostProcessorChecker : Bean 'sysRoleMapper' of type [com.sun.proxy.$Proxy74] is not eligible for getting processed by all BeanPostProcessors (for example: not eligible for auto-proxying)
2019-06-18 14:55:10.555  INFO 8584 --- [restartedMain] trationDelegate$BeanPostProcessorChecker : Bean 'sysUserRoleMapper' of type [org.mybatis.spring.mapper.MapperFactoryBean] is not eligible for getting processed by all BeanPostProcessors (for example: not eligible for auto-proxying)
2019-06-18 14:55:10.556  INFO 8584 --- [restartedMain] trationDelegate$BeanPostProcessorChecker : Bean 'sysUserRoleMapper' of type [com.sun.proxy.$Proxy75] is not eligible for getting processed by all BeanPostProcessors (for example: not eligible for auto-proxying)
2019-06-18 14:55:10.561  INFO 8584 --- [restartedMain] trationDelegate$BeanPostProcessorChecker : Bean 'sysUserTokenMapper' of type [org.mybatis.spring.mapper.MapperFactoryBean] is not eligible for getting processed by all BeanPostProcessors (for example: not eligible for auto-proxying)
2019-06-18 14:55:10.562  INFO 8584 --- [restartedMain] trationDelegate$BeanPostProcessorChecker : Bean 'sysUserTokenMapper' of type [com.sun.proxy.$Proxy76] is not eligible for getting processed by all BeanPostProcessors (for example: not eligible for auto-proxying)
2019-06-18 14:55:10.571  INFO 8584 --- [restartedMain] trationDelegate$BeanPostProcessorChecker : Bean 'jwtProperties' of type [com.scott.dp.common.support.properties.JwtProperties$$EnhancerBySpringCGLIB$$5b7c1566] is not eligible for getting processed by all BeanPostProcessors (for example: not eligible for auto-proxying)
2019-06-18 14:55:10.572  INFO 8584 --- [restartedMain] trationDelegate$BeanPostProcessorChecker : Bean 'sysUserService' of type [com.scott.dp.modules.sys.service.impl.SysUserServiceImpl] is not eligible for getting processed by all BeanPostProcessors (for example: not eligible for auto-proxying)
2019-06-18 14:55:10.573  INFO 8584 --- [restartedMain] trationDelegate$BeanPostProcessorChecker : Bean 'userRealm' of type [com.scott.dp.modules.sys.shiro.UserRealm] is not eligible for getting processed by all BeanPostProcessors (for example: not eligible for auto-proxying)
2019-06-18 14:55:10.599  INFO 8584 --- [restartedMain] trationDelegate$BeanPostProcessorChecker : Bean 'securityManager' of type [org.apache.shiro.web.mgt.DefaultWebSecurityManager] is not eligible for getting processed by all BeanPostProcessors (for example: not eligible for auto-proxying)
2019-06-18 14:55:10.703  INFO 8584 --- [restartedMain] com.alibaba.druid.pool.DruidDataSource   : {dataSource-1} inited
2019-06-18 14:55:13.774 DEBUG 8584 --- [restartedMain] c.s.d.m.sys.dao.SysMenuMapper.list       : ==>  Preparing: SELECT m.menu_id, m.parent_id, ( SELECT p.name FROM sys_menu p WHERE p.menu_id = m.parent_id ) AS parentName, m.name, m.url, m.perms, m.type, m.icon, m.order_num FROM sys_menu m ORDER BY m.order_num ASC 
2019-06-18 14:55:13.919 DEBUG 8584 --- [restartedMain] c.s.d.m.sys.dao.SysMenuMapper.list       : ==> Parameters: 
2019-06-18 14:55:14.051 DEBUG 8584 --- [restartedMain] c.s.d.m.sys.dao.SysMenuMapper.list       : <==      Total: 87
2019-06-18 14:55:14.057  INFO 8584 --- [restartedMain] c.s.d.m.s.s.ShiroPermsFilterFactoryBean  : init perms finished.
2019-06-18 14:55:14.195  INFO 8584 --- [restartedMain] trationDelegate$BeanPostProcessorChecker : Bean 'authorizationAttributeSourceAdvisor' of type [org.apache.shiro.spring.security.interceptor.AuthorizationAttributeSourceAdvisor] is not eligible for getting processed by all BeanPostProcessors (for example: not eligible for auto-proxying)
2019-06-18 14:55:14.299  INFO 8584 --- [restartedMain] trationDelegate$BeanPostProcessorChecker : Bean 'org.springframework.transaction.annotation.ProxyTransactionManagementConfiguration' of type [org.springframework.transaction.annotation.ProxyTransactionManagementConfiguration$$EnhancerBySpringCGLIB$$711e0926] is not eligible for getting processed by all BeanPostProcessors (for example: not eligible for auto-proxying)
2019-06-18 14:55:14.599  INFO 8584 --- [restartedMain] trationDelegate$BeanPostProcessorChecker : Bean 'redisConfiguration' of type [com.scott.dp.common.redis.config.RedisConfiguration$$EnhancerBySpringCGLIB$$cb45ec22] is not eligible for getting processed by all BeanPostProcessors (for example: not eligible for auto-proxying)
2019-06-18 14:55:16.502  INFO 8584 --- [restartedMain] o.s.b.w.embedded.tomcat.TomcatWebServer  : Tomcat initialized with port(s): 80 (http)
2019-06-18 14:55:16.558  INFO 8584 --- [restartedMain] o.apache.catalina.core.StandardService   : Starting service [Tomcat]
2019-06-18 14:55:16.559  INFO 8584 --- [restartedMain] org.apache.catalina.core.StandardEngine  : Starting Servlet Engine: Apache Tomcat/8.5.32
2019-06-18 14:55:16.568  INFO 8584 --- [localhost-startStop-1] o.a.catalina.core.AprLifecycleListener   : The APR based Apache Tomcat Native library which allows optimal performance in production environments was not found on the java.library.path: [C:\Program Files\Java\jdk1.8.0_131\bin;C:\Windows\Sun\Java\bin;C:\Windows\system32;C:\Windows;C:\Program Files\Java\jre1.8.0_131\bin;E:\DB\Oracle\product\11.2.0\dbhome_1\bin;D:\Install\Xshell 6\;C:\ProgramData\Oracle\Java\javapath;C:\Windows\system32;C:\Windows;C:\Windows\System32\Wbem;C:\Windows\System32\WindowsPowerShell\v1.0\;C:\Program Files\Java\jdk1.8.0_131\bin;D:\JBOSS\jboss-5.1.0.GA\bin;D:\Istall\Git\cmd;D:\Istall\TortoiseGit\bin;D:\Install\svn\bin;D:\Install\VisualSVN Server\bin;D:\SoftWare\python\python-3.7.2-amd64.exe;C:\Program Files\Redis\;C:\Program Files (x86)\Microsoft SQL Server\100\Tools\Binn\;C:\Program Files\Microsoft SQL Server\100\Tools\Binn\;C:\Program Files\Microsoft SQL Server\100\DTS\Binn\;C:\Program Files (x86)\Microsoft SQL Server\100\Tools\Binn\VSShell\Common7\IDE\;C:\Program Files (x86)\Microsoft Visual Studio 9.0\Common7\IDE\PrivateAssemblies\;C:\Program Files (x86)\Microsoft SQL Server\100\DTS\Binn\;D:\Install\nodejs\;npm install express -g;D:\SoftWare\curl-7.64.1-win64-mingw\curl-7.64.1-win64-mingw\bin;C:\Users\Administrator\AppData\Local\Programs\Python\Python37\Scripts\;C:\Users\Administrator\AppData\Local\Programs\Python\Python37\;D:\Install\PyCharm 2018.3.3\bin;D:\Install\Fiddler;C:\Users\Administrator\AppData\Roaming\npm;C:\Users\Administrator\AppData\Local\BypassRuntm;.]
2019-06-18 14:55:16.779  INFO 8584 --- [localhost-startStop-1] o.a.c.c.C.[Tomcat].[localhost].[/scott]  : Initializing Spring embedded WebApplicationContext
2019-06-18 14:55:16.780  INFO 8584 --- [localhost-startStop-1] o.s.web.context.ContextLoader            : Root WebApplicationContext: initialization completed in 20286 ms
2019-06-18 14:55:17.291  INFO 8584 --- [localhost-startStop-1] o.s.b.w.servlet.FilterRegistrationBean   : Mapping filter: 'characterEncodingFilter' to: [/*]
2019-06-18 14:55:17.291  INFO 8584 --- [localhost-startStop-1] o.s.b.w.servlet.FilterRegistrationBean   : Mapping filter: 'hiddenHttpMethodFilter' to: [/*]
2019-06-18 14:55:17.292  INFO 8584 --- [localhost-startStop-1] o.s.b.w.servlet.FilterRegistrationBean   : Mapping filter: 'httpPutFormContentFilter' to: [/*]
2019-06-18 14:55:17.292  INFO 8584 --- [localhost-startStop-1] o.s.b.w.servlet.FilterRegistrationBean   : Mapping filter: 'requestContextFilter' to: [/*]
2019-06-18 14:55:17.292  INFO 8584 --- [localhost-startStop-1] o.s.b.w.servlet.FilterRegistrationBean   : Mapping filter: 'delegatingFilterProxy' to urls: [/*]
2019-06-18 14:55:17.292  INFO 8584 --- [localhost-startStop-1] o.s.b.w.servlet.FilterRegistrationBean   : Mapping filter: 'xssFilter' to urls: [/*]
2019-06-18 14:55:17.293  INFO 8584 --- [localhost-startStop-1] o.s.b.w.servlet.FilterRegistrationBean   : Mapping filter: 'webStatFilter' to urls: [/*]
2019-06-18 14:55:17.293  INFO 8584 --- [localhost-startStop-1] o.s.b.w.servlet.FilterRegistrationBean   : Mapping filter: 'shiroFilter' to: [/*]
2019-06-18 14:55:17.293  INFO 8584 --- [localhost-startStop-1] o.s.b.w.servlet.ServletRegistrationBean  : Servlet dispatcherServlet mapped to [/]
2019-06-18 14:55:17.295  INFO 8584 --- [localhost-startStop-1] o.s.b.w.servlet.ServletRegistrationBean  : Servlet statViewServlet mapped to [/druid/*]
2019-06-18 14:55:19.761 DEBUG 8584 --- [restartedMain] c.s.d.m.sys.dao.QuartzJobMapper.list     : ==>  Preparing: SELECT job_id, bean_name, method_name, params, cron_expression, status FROM quartz_job 
2019-06-18 14:55:19.762 DEBUG 8584 --- [restartedMain] c.s.d.m.sys.dao.QuartzJobMapper.list     : ==> Parameters: 
2019-06-18 14:55:19.798 DEBUG 8584 --- [restartedMain] c.s.d.m.sys.dao.QuartzJobMapper.list     : <==      Total: 0
2019-06-18 14:55:23.466  INFO 8584 --- [restartedMain] s.w.s.m.m.a.RequestMappingHandlerMapping : Mapped "{[/rest/auth],methods=[GET || POST]}" onto public com.scott.dp.common.entity.R com.scott.dp.modules.api.controller.RestAuthController.auth(java.lang.String,java.lang.String)
2019-06-18 14:55:23.469  INFO 8584 --- [restartedMain] s.w.s.m.m.a.RequestMappingHandlerMapping : Mapped "{[/rest/authStatus],methods=[GET || POST]}" onto public com.scott.dp.common.entity.R com.scott.dp.modules.api.controller.RestAuthController.authStatus(java.lang.String)
2019-06-18 14:55:23.474  INFO 8584 --- [restartedMain] s.w.s.m.m.a.RequestMappingHandlerMapping : Mapped "{[/rest/testAuth],methods=[GET]}" onto public java.lang.String com.scott.dp.modules.api.controller.RestTestController.test()
2019-06-18 14:55:23.474  INFO 8584 --- [restartedMain] s.w.s.m.m.a.RequestMappingHandlerMapping : Mapped "{[/rest/testAnon],methods=[GET]}" onto public java.lang.String com.scott.dp.modules.api.controller.RestTestController.testAnon()
2019-06-18 14:55:23.478  INFO 8584 --- [restartedMain] s.w.s.m.m.a.RequestMappingHandlerMapping : Mapped "{[/upFile/uploadOne],methods=[POST]}" onto public org.springframework.web.servlet.ModelAndView com.scott.dp.modules.file.FileController.uploadImg(org.springframework.web.multipart.MultipartFile,javax.servlet.http.HttpServletRequest)
2019-06-18 14:55:23.479  INFO 8584 --- [restartedMain] s.w.s.m.m.a.RequestMappingHandlerMapping : Mapped "{[/upFile/upAll],methods=[POST],consumes=[multipart/form-data]}" onto public void com.scott.dp.modules.file.FileController.upAll(org.springframework.web.multipart.MultipartFile,javax.servlet.http.HttpServletRequest,javax.servlet.http.HttpServletResponse) throws java.lang.IllegalStateException,java.io.IOException
2019-06-18 14:55:23.480  INFO 8584 --- [restartedMain] s.w.s.m.m.a.RequestMappingHandlerMapping : Mapped "{[/upFile/downFile],methods=[GET]}" onto public void com.scott.dp.modules.file.FileController.DownFile(javax.servlet.http.HttpServletRequest,javax.servlet.http.HttpServletResponse) throws java.lang.Exception
2019-06-18 14:55:23.486  INFO 8584 --- [restartedMain] s.w.s.m.m.a.RequestMappingHandlerMapping : Mapped "{[/quartz/job/run]}" onto public com.scott.dp.common.entity.R com.scott.dp.modules.sys.controller.QuartzJobController.run(java.lang.Long[])
2019-06-18 14:55:23.487  INFO 8584 --- [restartedMain] s.w.s.m.m.a.RequestMappingHandlerMapping : Mapped "{[/quartz/job/remove]}" onto public com.scott.dp.common.entity.R com.scott.dp.modules.sys.controller.QuartzJobController.remove(java.lang.Long[])
2019-06-18 14:55:23.487  INFO 8584 --- [restartedMain] s.w.s.m.m.a.RequestMappingHandlerMapping : Mapped "{[/quartz/job/update]}" onto public com.scott.dp.common.entity.R com.scott.dp.modules.sys.controller.QuartzJobController.update(com.scott.dp.modules.sys.entity.QuartzJobEntity)
2019-06-18 14:55:23.488  INFO 8584 --- [restartedMain] s.w.s.m.m.a.RequestMappingHandlerMapping : Mapped "{[/quartz/job/enable]}" onto public com.scott.dp.common.entity.R com.scott.dp.modules.sys.controller.QuartzJobController.resume(java.lang.Long[])
2019-06-18 14:55:23.489  INFO 8584 --- [restartedMain] s.w.s.m.m.a.RequestMappingHandlerMapping : Mapped "{[/quartz/job/list]}" onto public com.scott.dp.common.entity.Page<com.scott.dp.modules.sys.entity.QuartzJobEntity> com.scott.dp.modules.sys.controller.QuartzJobController.list(java.util.Map<java.lang.String, java.lang.Object>)
2019-06-18 14:55:23.490  INFO 8584 --- [restartedMain] s.w.s.m.m.a.RequestMappingHandlerMapping : Mapped "{[/quartz/job/save]}" onto public com.scott.dp.common.entity.R com.scott.dp.modules.sys.controller.QuartzJobController.save(com.scott.dp.modules.sys.entity.QuartzJobEntity)
2019-06-18 14:55:23.490  INFO 8584 --- [restartedMain] s.w.s.m.m.a.RequestMappingHandlerMapping : Mapped "{[/quartz/job/info]}" onto public com.scott.dp.common.entity.R com.scott.dp.modules.sys.controller.QuartzJobController.info(java.lang.Long)
2019-06-18 14:55:23.491  INFO 8584 --- [restartedMain] s.w.s.m.m.a.RequestMappingHandlerMapping : Mapped "{[/quartz/job/disable]}" onto public com.scott.dp.common.entity.R com.scott.dp.modules.sys.controller.QuartzJobController.pause(java.lang.Long[])
2019-06-18 14:55:23.499  INFO 8584 --- [restartedMain] s.w.s.m.m.a.RequestMappingHandlerMapping : Mapped "{[/quartz/job/log/list]}" onto public com.scott.dp.common.entity.Page<com.scott.dp.modules.sys.entity.QuartzJobLogEntity> com.scott.dp.modules.sys.controller.QuartzJobLogController.list(java.util.Map<java.lang.String, java.lang.Object>)
2019-06-18 14:55:23.500  INFO 8584 --- [restartedMain] s.w.s.m.m.a.RequestMappingHandlerMapping : Mapped "{[/quartz/job/log/remove]}" onto public com.scott.dp.common.entity.R com.scott.dp.modules.sys.controller.QuartzJobLogController.batchRemove(java.lang.Long[])
2019-06-18 14:55:23.500  INFO 8584 --- [restartedMain] s.w.s.m.m.a.RequestMappingHandlerMapping : Mapped "{[/quartz/job/log/clear]}" onto public com.scott.dp.common.entity.R com.scott.dp.modules.sys.controller.QuartzJobLogController.batchRemoveAll()
2019-06-18 14:55:23.503  INFO 8584 --- [restartedMain] s.w.s.m.m.a.RequestMappingHandlerMapping : Mapped "{[/sys/area/remove]}" onto public com.scott.dp.common.entity.R com.scott.dp.modules.sys.controller.SysAreaController.remove(java.lang.Long[])
2019-06-18 14:55:23.504  INFO 8584 --- [restartedMain] s.w.s.m.m.a.RequestMappingHandlerMapping : Mapped "{[/sys/area/update]}" onto public com.scott.dp.common.entity.R com.scott.dp.modules.sys.controller.SysAreaController.update(com.scott.dp.modules.sys.entity.SysAreaEntity)
2019-06-18 14:55:23.505  INFO 8584 --- [restartedMain] s.w.s.m.m.a.RequestMappingHandlerMapping : Mapped "{[/sys/area/list]}" onto public com.scott.dp.common.entity.R com.scott.dp.modules.sys.controller.SysAreaController.list(java.util.Map<java.lang.String, java.lang.Object>)
2019-06-18 14:55:23.506  INFO 8584 --- [restartedMain] s.w.s.m.m.a.RequestMappingHandlerMapping : Mapped "{[/sys/area/save]}" onto public com.scott.dp.common.entity.R com.scott.dp.modules.sys.controller.SysAreaController.save(com.scott.dp.modules.sys.entity.SysAreaEntity)
2019-06-18 14:55:23.506  INFO 8584 --- [restartedMain] s.w.s.m.m.a.RequestMappingHandlerMapping : Mapped "{[/sys/area/info]}" onto public com.scott.dp.common.entity.R com.scott.dp.modules.sys.controller.SysAreaController.info(java.lang.Long)
2019-06-18 14:55:23.507  INFO 8584 --- [restartedMain] s.w.s.m.m.a.RequestMappingHandlerMapping : Mapped "{[/sys/area/select]}" onto public java.util.List<com.scott.dp.modules.sys.entity.SysAreaEntity> com.scott.dp.modules.sys.controller.SysAreaController.select(java.lang.String)
2019-06-18 14:55:23.509  INFO 8584 --- [restartedMain] s.w.s.m.m.a.RequestMappingHandlerMapping : Mapped "{[/sys/dept/update]}" onto public com.scott.dp.common.entity.R com.scott.dp.modules.sys.controller.SysDepartmentController.update(com.scott.dp.modules.sys.entity.SysDepartmentEntity)
2019-06-18 14:55:23.510  INFO 8584 --- [restartedMain] s.w.s.m.m.a.RequestMappingHandlerMapping : Mapped "{[/sys/dept/list]}" onto public com.scott.dp.common.entity.Page<com.scott.dp.modules.sys.entity.SysDepartmentEntity> com.scott.dp.modules.sys.controller.SysDepartmentController.list(java.util.Map<java.lang.String, java.lang.Object>)
2019-06-18 14:55:23.510  INFO 8584 --- [restartedMain] s.w.s.m.m.a.RequestMappingHandlerMapping : Mapped "{[/sys/dept/listAll]}" onto public java.util.List<com.scott.dp.modules.sys.entity.SysDepartmentEntity> com.scott.dp.modules.sys.controller.SysDepartmentController.list()
2019-06-18 14:55:23.511  INFO 8584 --- [restartedMain] s.w.s.m.m.a.RequestMappingHandlerMapping : Mapped "{[/sys/dept/save]}" onto public com.scott.dp.common.entity.R com.scott.dp.modules.sys.controller.SysDepartmentController.save(com.scott.dp.modules.sys.entity.SysDepartmentEntity)
2019-06-18 14:55:23.512  INFO 8584 --- [restartedMain] s.w.s.m.m.a.RequestMappingHandlerMapping : Mapped "{[/sys/dept/remove]}" onto public com.scott.dp.common.entity.R com.scott.dp.modules.sys.controller.SysDepartmentController.batchRemove(java.lang.Long[])
2019-06-18 14:55:23.513  INFO 8584 --- [restartedMain] s.w.s.m.m.a.RequestMappingHandlerMapping : Mapped "{[/sys/dept/info]}" onto public com.scott.dp.common.entity.R com.scott.dp.modules.sys.controller.SysDepartmentController.getById(java.lang.Long)
2019-06-18 14:55:23.514  INFO 8584 --- [restartedMain] s.w.s.m.m.a.RequestMappingHandlerMapping : Mapped "{[/editor/upload]}" onto public java.util.Map<java.lang.String, java.lang.Object> com.scott.dp.modules.sys.controller.SysEditorUploadController.editorUpload(javax.servlet.http.HttpServletRequest)
2019-06-18 14:55:23.517  INFO 8584 --- [restartedMain] s.w.s.m.m.a.RequestMappingHandlerMapping : Mapped "{[/sys/file/update]}" onto public com.scott.dp.common.entity.R com.scott.dp.modules.sys.controller.SysFileController.update(com.scott.dp.modules.sys.entity.SysFileEntity)
2019-06-18 14:55:23.518  INFO 8584 --- [restartedMain] s.w.s.m.m.a.RequestMappingHandlerMapping : Mapped "{[/sys/file/list]}" onto public com.scott.dp.common.entity.Page<com.scott.dp.modules.sys.entity.SysFileEntity> com.scott.dp.modules.sys.controller.SysFileController.list(java.util.Map<java.lang.String, java.lang.Object>)
2019-06-18 14:55:23.518  INFO 8584 --- [restartedMain] s.w.s.m.m.a.RequestMappingHandlerMapping : Mapped "{[/sys/file/save]}" onto public com.scott.dp.common.entity.R com.scott.dp.modules.sys.controller.SysFileController.save(com.scott.dp.modules.sys.entity.SysFileEntity)
2019-06-18 14:55:23.519  INFO 8584 --- [restartedMain] s.w.s.m.m.a.RequestMappingHandlerMapping : Mapped "{[/sys/file/remove]}" onto public com.scott.dp.common.entity.R com.scott.dp.modules.sys.controller.SysFileController.batchRemove(java.lang.Long[])
2019-06-18 14:55:23.520  INFO 8584 --- [restartedMain] s.w.s.m.m.a.RequestMappingHandlerMapping : Mapped "{[/sys/file/upload],methods=[POST],consumes=[multipart/form-data]}" onto public java.lang.String com.scott.dp.modules.sys.controller.SysFileController.upAll(org.springframework.web.multipart.MultipartFile,javax.servlet.http.HttpServletRequest,javax.servlet.http.HttpServletResponse) throws java.lang.IllegalStateException,java.io.IOException
2019-06-18 14:55:23.520  INFO 8584 --- [restartedMain] s.w.s.m.m.a.RequestMappingHandlerMapping : Mapped "{[/sys/file/info]}" onto public com.scott.dp.common.entity.R com.scott.dp.modules.sys.controller.SysFileController.getById(java.lang.Long)
2019-06-18 14:55:23.521  INFO 8584 --- [restartedMain] s.w.s.m.m.a.RequestMappingHandlerMapping : Mapped "{[/sys/generator/list]}" onto public com.scott.dp.common.entity.Page<com.scott.dp.modules.sys.entity.TableEntity> com.scott.dp.modules.sys.controller.SysGeneratorController.list(java.util.Map<java.lang.String, java.lang.Object>)
2019-06-18 14:55:23.522  INFO 8584 --- [restartedMain] s.w.s.m.m.a.RequestMappingHandlerMapping : Mapped "{[/sys/generator/code]}" onto public void com.scott.dp.modules.sys.controller.SysGeneratorController.generator(com.scott.dp.modules.sys.entity.GeneratorParamEntity,javax.servlet.http.HttpServletRequest,javax.servlet.http.HttpServletResponse) throws java.io.IOException
2019-06-18 14:55:23.522  INFO 8584 --- [restartedMain] s.w.s.m.m.a.RequestMappingHandlerMapping : Mapped "{[/captcha.jpg]}" onto public void com.scott.dp.modules.sys.controller.SysKaptchaController.captcha(javax.servlet.http.HttpServletResponse) throws java.io.IOException
2019-06-18 14:55:23.524  INFO 8584 --- [restartedMain] s.w.s.m.m.a.RequestMappingHandlerMapping : Mapped "{[/sys/log/remove]}" onto public com.scott.dp.common.entity.R com.scott.dp.modules.sys.controller.SysLogController.batchRemove(java.lang.Long[])
2019-06-18 14:55:23.524  INFO 8584 --- [restartedMain] s.w.s.m.m.a.RequestMappingHandlerMapping : Mapped "{[/sys/log/clear]}" onto public com.scott.dp.common.entity.R com.scott.dp.modules.sys.controller.SysLogController.batchRemoveAll()
2019-06-18 14:55:23.524  INFO 8584 --- [restartedMain] s.w.s.m.m.a.RequestMappingHandlerMapping : Mapped "{[/sys/log/list]}" onto public com.scott.dp.common.entity.Page<com.scott.dp.modules.sys.entity.SysLogEntity> com.scott.dp.modules.sys.controller.SysLogController.listLog(java.util.Map<java.lang.String, java.lang.Object>)
2019-06-18 14:55:23.525  INFO 8584 --- [restartedMain] s.w.s.m.m.a.RequestMappingHandlerMapping : Mapped "{[/],methods=[GET]}" onto public java.lang.String com.scott.dp.modules.sys.controller.SysLoginController.index()
2019-06-18 14:55:23.526  INFO 8584 --- [restartedMain] s.w.s.m.m.a.RequestMappingHandlerMapping : Mapped "{[/login],methods=[GET]}" onto public java.lang.String com.scott.dp.modules.sys.controller.SysLoginController.toLogin()
2019-06-18 14:55:23.526  INFO 8584 --- [restartedMain] s.w.s.m.m.a.RequestMappingHandlerMapping : Mapped "{[/login],methods=[POST]}" onto public java.lang.String com.scott.dp.modules.sys.controller.SysLoginController.login(org.springframework.ui.Model)
2019-06-18 14:55:23.526  INFO 8584 --- [restartedMain] s.w.s.m.m.a.RequestMappingHandlerMapping : Mapped "{[/logout],methods=[GET]}" onto public java.lang.String com.scott.dp.modules.sys.controller.SysLoginController.logout()
2019-06-18 14:55:23.529  INFO 8584 --- [restartedMain] s.w.s.m.m.a.RequestMappingHandlerMapping : Mapped "{[/sys/macro/update]}" onto public com.scott.dp.common.entity.R com.scott.dp.modules.sys.controller.SysMacroController.update(com.scott.dp.modules.sys.entity.SysMacroEntity)
2019-06-18 14:55:23.530  INFO 8584 --- [restartedMain] s.w.s.m.m.a.RequestMappingHandlerMapping : Mapped "{[/sys/macro/list]}" onto public java.util.List<com.scott.dp.modules.sys.entity.SysMacroEntity> com.scott.dp.modules.sys.controller.SysMacroController.list()
2019-06-18 14:55:23.530  INFO 8584 --- [restartedMain] s.w.s.m.m.a.RequestMappingHandlerMapping : Mapped "{[/sys/macro/save]}" onto public com.scott.dp.common.entity.R com.scott.dp.modules.sys.controller.SysMacroController.save(com.scott.dp.modules.sys.entity.SysMacroEntity)
2019-06-18 14:55:23.530  INFO 8584 --- [restartedMain] s.w.s.m.m.a.RequestMappingHandlerMapping : Mapped "{[/sys/macro/remove]}" onto public com.scott.dp.common.entity.R com.scott.dp.modules.sys.controller.SysMacroController.batchRemove(java.lang.Long[])
2019-06-18 14:55:23.531  INFO 8584 --- [restartedMain] s.w.s.m.m.a.RequestMappingHandlerMapping : Mapped "{[/sys/macro/info]}" onto public com.scott.dp.common.entity.R com.scott.dp.modules.sys.controller.SysMacroController.info(java.lang.Long)
2019-06-18 14:55:23.531  INFO 8584 --- [restartedMain] s.w.s.m.m.a.RequestMappingHandlerMapping : Mapped "{[/sys/macro/select]}" onto public java.util.List<com.scott.dp.modules.sys.entity.SysMacroEntity> com.scott.dp.modules.sys.controller.SysMacroController.select()
2019-06-18 14:55:23.531  INFO 8584 --- [restartedMain] s.w.s.m.m.a.RequestMappingHandlerMapping : Mapped "{[/sys/macro/disable]}" onto public com.scott.dp.common.entity.R com.scott.dp.modules.sys.controller.SysMacroController.updateStateHide(java.lang.Long)
2019-06-18 14:55:23.532  INFO 8584 --- [restartedMain] s.w.s.m.m.a.RequestMappingHandlerMapping : Mapped "{[/sys/macro/enable]}" onto public com.scott.dp.common.entity.R com.scott.dp.modules.sys.controller.SysMacroController.updateStateShow(java.lang.Long)
2019-06-18 14:55:23.532  INFO 8584 --- [restartedMain] s.w.s.m.m.a.RequestMappingHandlerMapping : Mapped "{[/sys/macro/value]}" onto public java.util.List<com.scott.dp.modules.sys.entity.SysMacroEntity> com.scott.dp.modules.sys.controller.SysMacroController.listMacroValue(java.lang.String)
2019-06-18 14:55:23.534  INFO 8584 --- [restartedMain] s.w.s.m.m.a.RequestMappingHandlerMapping : Mapped "{[/sys/menu/remove]}" onto public com.scott.dp.common.entity.R com.scott.dp.modules.sys.controller.SysMenuController.remove(java.lang.Long[])
2019-06-18 14:55:23.535  INFO 8584 --- [restartedMain] s.w.s.m.m.a.RequestMappingHandlerMapping : Mapped "{[/sys/menu/update]}" onto public com.scott.dp.common.entity.R com.scott.dp.modules.sys.controller.SysMenuController.update(com.scott.dp.modules.sys.entity.SysMenuEntity)
2019-06-18 14:55:23.535  INFO 8584 --- [restartedMain] s.w.s.m.m.a.RequestMappingHandlerMapping : Mapped "{[/sys/menu/save]}" onto public com.scott.dp.common.entity.R com.scott.dp.modules.sys.controller.SysMenuController.save(com.scott.dp.modules.sys.entity.SysMenuEntity)
2019-06-18 14:55:23.536  INFO 8584 --- [restartedMain] s.w.s.m.m.a.RequestMappingHandlerMapping : Mapped "{[/sys/menu/info]}" onto public com.scott.dp.common.entity.R com.scott.dp.modules.sys.controller.SysMenuController.info(java.lang.Long)
2019-06-18 14:55:23.536  INFO 8584 --- [restartedMain] s.w.s.m.m.a.RequestMappingHandlerMapping : Mapped "{[/sys/menu/user]}" onto public com.scott.dp.common.entity.R com.scott.dp.modules.sys.controller.SysMenuController.user()
2019-06-18 14:55:23.536  INFO 8584 --- [restartedMain] s.w.s.m.m.a.RequestMappingHandlerMapping : Mapped "{[/sys/menu/select]}" onto public com.scott.dp.common.entity.R com.scott.dp.modules.sys.controller.SysMenuController.select()
2019-06-18 14:55:23.537  INFO 8584 --- [restartedMain] s.w.s.m.m.a.RequestMappingHandlerMapping : Mapped "{[/sys/menu/list]}" onto public java.util.List<com.scott.dp.modules.sys.entity.SysMenuEntity> com.scott.dp.modules.sys.controller.SysMenuController.listMenu(java.util.Map<java.lang.String, java.lang.Object>)
2019-06-18 14:55:23.537  INFO 8584 --- [restartedMain] s.w.s.m.m.a.RequestMappingHandlerMapping : Mapped "{[/sys/menu/listByRoleId]}" onto public java.util.List<com.scott.dp.modules.sys.entity.SysMenuEntity> com.scott.dp.modules.sys.controller.SysMenuController.selectByRoleId(java.util.Map<java.lang.String, java.lang.Object>)
2019-06-18 14:55:23.539  INFO 8584 --- [restartedMain] s.w.s.m.m.a.RequestMappingHandlerMapping : Mapped "{[/sys/org/update]}" onto public com.scott.dp.common.entity.R com.scott.dp.modules.sys.controller.SysOrgController.update(com.scott.dp.modules.sys.entity.SysOrgEntity)
2019-06-18 14:55:23.540  INFO 8584 --- [restartedMain] s.w.s.m.m.a.RequestMappingHandlerMapping : Mapped "{[/sys/org/list]}" onto public java.util.List<com.scott.dp.modules.sys.entity.SysOrgEntity> com.scott.dp.modules.sys.controller.SysOrgController.list()
2019-06-18 14:55:23.540  INFO 8584 --- [restartedMain] s.w.s.m.m.a.RequestMappingHandlerMapping : Mapped "{[/sys/org/save]}" onto public com.scott.dp.common.entity.R com.scott.dp.modules.sys.controller.SysOrgController.save(com.scott.dp.modules.sys.entity.SysOrgEntity)
2019-06-18 14:55:23.541  INFO 8584 --- [restartedMain] s.w.s.m.m.a.RequestMappingHandlerMapping : Mapped "{[/sys/org/remove]}" onto public com.scott.dp.common.entity.R com.scott.dp.modules.sys.controller.SysOrgController.batchRemove(java.lang.Long[])
2019-06-18 14:55:23.541  INFO 8584 --- [restartedMain] s.w.s.m.m.a.RequestMappingHandlerMapping : Mapped "{[/sys/org/info]}" onto public com.scott.dp.common.entity.R com.scott.dp.modules.sys.controller.SysOrgController.info(java.lang.Long)
2019-06-18 14:55:23.541  INFO 8584 --- [restartedMain] s.w.s.m.m.a.RequestMappingHandlerMapping : Mapped "{[/sys/org/select]}" onto public java.util.List<com.scott.dp.modules.sys.entity.SysOrgEntity> com.scott.dp.modules.sys.controller.SysOrgController.select()
2019-06-18 14:55:23.542  INFO 8584 --- [restartedMain] s.w.s.m.m.a.RequestMappingHandlerMapping : Mapped "{[/dashboard]}" onto public java.lang.String com.scott.dp.modules.sys.controller.SysPageController.main()
2019-06-18 14:55:23.542  INFO 8584 --- [restartedMain] s.w.s.m.m.a.RequestMappingHandlerMapping : Mapped "{[/{module}/{function}/{url}.html]}" onto public java.lang.String com.scott.dp.modules.sys.controller.SysPageController.page(java.lang.String,java.lang.String,java.lang.String)
2019-06-18 14:55:23.543  INFO 8584 --- [restartedMain] s.w.s.m.m.a.RequestMappingHandlerMapping : Mapped "{[/error/500]}" onto public java.lang.String com.scott.dp.modules.sys.controller.SysPageController.sysError()
2019-06-18 14:55:23.543  INFO 8584 --- [restartedMain] s.w.s.m.m.a.RequestMappingHandlerMapping : Mapped "{[/error/403]}" onto public java.lang.String com.scott.dp.modules.sys.controller.SysPageController.noAuthPage()
2019-06-18 14:55:23.543  INFO 8584 --- [restartedMain] s.w.s.m.m.a.RequestMappingHandlerMapping : Mapped "{[/error/404]}" onto public java.lang.String com.scott.dp.modules.sys.controller.SysPageController.notFoundPage()
2019-06-18 14:55:23.545  INFO 8584 --- [restartedMain] s.w.s.m.m.a.RequestMappingHandlerMapping : Mapped "{[/sys/role/list]}" onto public com.scott.dp.common.entity.Page<com.scott.dp.modules.sys.entity.SysRoleEntity> com.scott.dp.modules.sys.controller.SysRoleController.list(java.util.Map<java.lang.String, java.lang.Object>)
2019-06-18 14:55:23.546  INFO 8584 --- [restartedMain] s.w.s.m.m.a.RequestMappingHandlerMapping : Mapped "{[/sys/role/remove]}" onto public com.scott.dp.common.entity.R com.scott.dp.modules.sys.controller.SysRoleController.batchRemove(java.lang.Long[])
2019-06-18 14:55:23.546  INFO 8584 --- [restartedMain] s.w.s.m.m.a.RequestMappingHandlerMapping : Mapped "{[/sys/role/authorize/opt]}" onto public com.scott.dp.common.entity.R com.scott.dp.modules.sys.controller.SysRoleController.updateRoleOptAuthorization(com.scott.dp.modules.sys.entity.SysRoleEntity)
2019-06-18 14:55:23.546  INFO 8584 --- [restartedMain] s.w.s.m.m.a.RequestMappingHandlerMapping : Mapped "{[/sys/role/authorize/data]}" onto public com.scott.dp.common.entity.R com.scott.dp.modules.sys.controller.SysRoleController.updateRoleDataAuthorization(com.scott.dp.modules.sys.entity.SysRoleEntity)
2019-06-18 14:55:23.547  INFO 8584 --- [restartedMain] s.w.s.m.m.a.RequestMappingHandlerMapping : Mapped "{[/sys/role/save]}" onto public com.scott.dp.common.entity.R com.scott.dp.modules.sys.controller.SysRoleController.saveRole(com.scott.dp.modules.sys.entity.SysRoleEntity)
2019-06-18 14:55:23.547  INFO 8584 --- [restartedMain] s.w.s.m.m.a.RequestMappingHandlerMapping : Mapped "{[/sys/role/info]}" onto public com.scott.dp.common.entity.R com.scott.dp.modules.sys.controller.SysRoleController.getRoleById(java.lang.Long)
2019-06-18 14:55:23.548  INFO 8584 --- [restartedMain] s.w.s.m.m.a.RequestMappingHandlerMapping : Mapped "{[/sys/role/select]}" onto public java.util.List<com.scott.dp.modules.sys.entity.SysRoleEntity> com.scott.dp.modules.sys.controller.SysRoleController.listRole()
2019-06-18 14:55:23.548  INFO 8584 --- [restartedMain] s.w.s.m.m.a.RequestMappingHandlerMapping : Mapped "{[/sys/role/update]}" onto public com.scott.dp.common.entity.R com.scott.dp.modules.sys.controller.SysRoleController.updateRole(com.scott.dp.modules.sys.entity.SysRoleEntity)
2019-06-18 14:55:23.551  INFO 8584 --- [restartedMain] s.w.s.m.m.a.RequestMappingHandlerMapping : Mapped "{[/sys/user/update]}" onto public com.scott.dp.common.entity.R com.scott.dp.modules.sys.controller.SysUserController.update(com.scott.dp.modules.sys.entity.SysUserEntity)
2019-06-18 14:55:23.552  INFO 8584 --- [restartedMain] s.w.s.m.m.a.RequestMappingHandlerMapping : Mapped "{[/sys/user/list]}" onto public com.scott.dp.common.entity.Page<com.scott.dp.modules.sys.entity.SysUserEntity> com.scott.dp.modules.sys.controller.SysUserController.list(java.util.Map<java.lang.String, java.lang.Object>)
2019-06-18 14:55:23.552  INFO 8584 --- [restartedMain] s.w.s.m.m.a.RequestMappingHandlerMapping : Mapped "{[/sys/user/save]}" onto public com.scott.dp.common.entity.R com.scott.dp.modules.sys.controller.SysUserController.save(com.scott.dp.modules.sys.entity.SysUserEntity)
2019-06-18 14:55:23.553  INFO 8584 --- [restartedMain] s.w.s.m.m.a.RequestMappingHandlerMapping : Mapped "{[/sys/user/remove]}" onto public com.scott.dp.common.entity.R com.scott.dp.modules.sys.controller.SysUserController.batchRemove(java.lang.Long[])
2019-06-18 14:55:23.553  INFO 8584 --- [restartedMain] s.w.s.m.m.a.RequestMappingHandlerMapping : Mapped "{[/sys/user/info]}" onto public com.scott.dp.common.entity.R com.scott.dp.modules.sys.controller.SysUserController.info()
2019-06-18 14:55:23.553  INFO 8584 --- [restartedMain] s.w.s.m.m.a.RequestMappingHandlerMapping : Mapped "{[/sys/user/disable]}" onto public com.scott.dp.common.entity.R com.scott.dp.modules.sys.controller.SysUserController.updateUserDisable(java.lang.Long[])
2019-06-18 14:55:23.554  INFO 8584 --- [restartedMain] s.w.s.m.m.a.RequestMappingHandlerMapping : Mapped "{[/sys/user/select]}" onto public java.util.List<com.scott.dp.modules.sys.entity.SysUserEntity> com.scott.dp.modules.sys.controller.SysUserController.select(java.lang.String)
2019-06-18 14:55:23.554  INFO 8584 --- [restartedMain] s.w.s.m.m.a.RequestMappingHandlerMapping : Mapped "{[/sys/user/infoUser]}" onto public com.scott.dp.common.entity.R com.scott.dp.modules.sys.controller.SysUserController.getById(java.lang.Long)
2019-06-18 14:55:23.554  INFO 8584 --- [restartedMain] s.w.s.m.m.a.RequestMappingHandlerMapping : Mapped "{[/sys/user/selectAll]}" onto public java.util.List<com.scott.dp.modules.sys.entity.SysUserEntity> com.scott.dp.modules.sys.controller.SysUserController.selectAll()
2019-06-18 14:55:23.555  INFO 8584 --- [restartedMain] s.w.s.m.m.a.RequestMappingHandlerMapping : Mapped "{[/sys/user/perms]}" onto public com.scott.dp.common.entity.R com.scott.dp.modules.sys.controller.SysUserController.listUserPerms()
2019-06-18 14:55:23.555  INFO 8584 --- [restartedMain] s.w.s.m.m.a.RequestMappingHandlerMapping : Mapped "{[/sys/user/updatePswd]}" onto public com.scott.dp.common.entity.R com.scott.dp.modules.sys.controller.SysUserController.updatePswdByUser(java.lang.String,java.lang.String)
2019-06-18 14:55:23.556  INFO 8584 --- [restartedMain] s.w.s.m.m.a.RequestMappingHandlerMapping : Mapped "{[/sys/user/enable]}" onto public com.scott.dp.common.entity.R com.scott.dp.modules.sys.controller.SysUserController.updateUserEnable(java.lang.Long[])
2019-06-18 14:55:23.556  INFO 8584 --- [restartedMain] s.w.s.m.m.a.RequestMappingHandlerMapping : Mapped "{[/sys/user/reset]}" onto public com.scott.dp.common.entity.R com.scott.dp.modules.sys.controller.SysUserController.updatePswd(com.scott.dp.modules.sys.entity.SysUserEntity)
2019-06-18 14:55:23.563  INFO 8584 --- [restartedMain] s.w.s.m.m.a.RequestMappingHandlerMapping : Mapped "{[/swagger-resources/configuration/security]}" onto public org.springframework.http.ResponseEntity<springfox.documentation.swagger.web.SecurityConfiguration> springfox.documentation.swagger.web.ApiResourceController.securityConfiguration()
2019-06-18 14:55:23.564  INFO 8584 --- [restartedMain] s.w.s.m.m.a.RequestMappingHandlerMapping : Mapped "{[/swagger-resources/configuration/ui]}" onto public org.springframework.http.ResponseEntity<springfox.documentation.swagger.web.UiConfiguration> springfox.documentation.swagger.web.ApiResourceController.uiConfiguration()
2019-06-18 14:55:23.565  INFO 8584 --- [restartedMain] s.w.s.m.m.a.RequestMappingHandlerMapping : Mapped "{[/swagger-resources]}" onto public org.springframework.http.ResponseEntity<java.util.List<springfox.documentation.swagger.web.SwaggerResource>> springfox.documentation.swagger.web.ApiResourceController.swaggerResources()
2019-06-18 14:55:23.570  INFO 8584 --- [restartedMain] s.w.s.m.m.a.RequestMappingHandlerMapping : Mapped "{[/error]}" onto public org.springframework.http.ResponseEntity<java.util.Map<java.lang.String, java.lang.Object>> org.springframework.boot.autoconfigure.web.servlet.error.BasicErrorController.error(javax.servlet.http.HttpServletRequest)
2019-06-18 14:55:23.570  INFO 8584 --- [restartedMain] s.w.s.m.m.a.RequestMappingHandlerMapping : Mapped "{[/error],produces=[text/html]}" onto public org.springframework.web.servlet.ModelAndView org.springframework.boot.autoconfigure.web.servlet.error.BasicErrorController.errorHtml(javax.servlet.http.HttpServletRequest,javax.servlet.http.HttpServletResponse)
2019-06-18 14:55:24.664  INFO 8584 --- [restartedMain] org.quartz.impl.StdSchedulerFactory      : Using default implementation for ThreadExecutor
2019-06-18 14:55:24.681  INFO 8584 --- [restartedMain] org.quartz.core.SchedulerSignalerImpl    : Initialized Scheduler Signaller of type: class org.quartz.core.SchedulerSignalerImpl
2019-06-18 14:55:24.681  INFO 8584 --- [restartedMain] org.quartz.core.QuartzScheduler          : Quartz Scheduler v.2.2.3 created.
2019-06-18 14:55:24.686  INFO 8584 --- [restartedMain] o.s.s.quartz.LocalDataSourceJobStore     : Using db table-based data access locking (synchronization).
2019-06-18 14:55:24.689  INFO 8584 --- [restartedMain] o.s.s.quartz.LocalDataSourceJobStore     : JobStoreCMT initialized.
2019-06-18 14:55:24.690  INFO 8584 --- [restartedMain] org.quartz.core.QuartzScheduler          : Scheduler meta-data: Quartz Scheduler (v2.2.3) 'quartzScheduler' with instanceId 'PC-Xue1560840924667'
  Scheduler class: 'org.quartz.core.QuartzScheduler' - running locally.
  NOT STARTED.
  Currently in standby mode.
  Number of jobs executed: 0
  Using thread pool 'org.quartz.simpl.SimpleThreadPool' - with 20 threads.
  Using job-store 'org.springframework.scheduling.quartz.LocalDataSourceJobStore' - which supports persistence. and is clustered.

2019-06-18 14:55:24.690  INFO 8584 --- [restartedMain] org.quartz.impl.StdSchedulerFactory      : Quartz scheduler 'quartzScheduler' initialized from an externally provided properties instance.
2019-06-18 14:55:24.690  INFO 8584 --- [restartedMain] org.quartz.impl.StdSchedulerFactory      : Quartz scheduler version: 2.2.3
2019-06-18 14:55:24.692  INFO 8584 --- [restartedMain] org.quartz.core.QuartzScheduler          : JobFactory set to: org.springframework.scheduling.quartz.AdaptableJobFactory@5d5bf320
2019-06-18 14:55:24.898  INFO 8584 --- [restartedMain] pertySourcedRequestMappingHandlerMapping : Mapped URL path [/v2/api-docs] onto method [public org.springframework.http.ResponseEntity<springfox.documentation.spring.web.json.Json> springfox.documentation.swagger2.web.Swagger2Controller.getDocumentation(java.lang.String,javax.servlet.http.HttpServletRequest)]
2019-06-18 14:55:25.425  INFO 8584 --- [restartedMain] o.s.w.s.handler.SimpleUrlHandlerMapping  : Mapped URL path [/**/favicon.ico] onto handler of type [class org.springframework.web.servlet.resource.ResourceHttpRequestHandler]
2019-06-18 14:55:27.207  INFO 8584 --- [restartedMain] s.w.s.m.m.a.RequestMappingHandlerAdapter : Looking for @ControllerAdvice: org.springframework.boot.web.servlet.context.AnnotationConfigServletWebServerApplicationContext@40ee4604: startup date [Tue Jun 18 14:54:56 CST 2019]; root of context hierarchy
2019-06-18 14:55:27.532  INFO 8584 --- [restartedMain] o.s.w.s.handler.SimpleUrlHandlerMapping  : Mapped URL path [/webjars/**] onto handler of type [class org.springframework.web.servlet.resource.ResourceHttpRequestHandler]
2019-06-18 14:55:27.532  INFO 8584 --- [restartedMain] o.s.w.s.handler.SimpleUrlHandlerMapping  : Mapped URL path [/static/**] onto handler of type [class org.springframework.web.servlet.resource.ResourceHttpRequestHandler]
2019-06-18 14:55:27.532  INFO 8584 --- [restartedMain] o.s.w.s.handler.SimpleUrlHandlerMapping  : Mapped URL path [/upload/**] onto handler of type [class org.springframework.web.servlet.resource.ResourceHttpRequestHandler]
2019-06-18 14:55:27.532  INFO 8584 --- [restartedMain] o.s.w.s.handler.SimpleUrlHandlerMapping  : Mapped URL path [/swagger-ui.html] onto handler of type [class org.springframework.web.servlet.resource.ResourceHttpRequestHandler]
2019-06-18 14:55:27.607  INFO 8584 --- [restartedMain] .m.m.a.ExceptionHandlerExceptionResolver : Detected @ExceptionHandler methods in RRExceptionHandler
2019-06-18 14:55:32.320  INFO 8584 --- [restartedMain] o.s.b.d.a.OptionalLiveReloadServer       : LiveReload server is running on port 35729
2019-06-18 14:55:32.440  INFO 8584 --- [restartedMain] o.s.j.e.a.AnnotationMBeanExporter        : Registering beans for JMX exposure on startup
2019-06-18 14:55:32.443  INFO 8584 --- [restartedMain] o.s.j.e.a.AnnotationMBeanExporter        : Bean with name 'defaultDataSource' has been autodetected for JMX exposure
2019-06-18 14:55:32.444  INFO 8584 --- [restartedMain] o.s.j.e.a.AnnotationMBeanExporter        : Bean with name 'statFilter' has been autodetected for JMX exposure
2019-06-18 14:55:32.460  INFO 8584 --- [restartedMain] o.s.j.e.a.AnnotationMBeanExporter        : Located MBean 'defaultDataSource': registering with JMX server as MBean [com.alibaba.druid.spring.boot.autoconfigure:name=defaultDataSource,type=DruidDataSourceWrapper]
2019-06-18 14:55:32.462  INFO 8584 --- [restartedMain] o.s.j.e.a.AnnotationMBeanExporter        : Located MBean 'statFilter': registering with JMX server as MBean [com.alibaba.druid.filter.stat:name=statFilter,type=StatFilter]
2019-06-18 14:55:32.471  INFO 8584 --- [restartedMain] o.s.c.support.DefaultLifecycleProcessor  : Starting beans in phase 2147483647
2019-06-18 14:55:32.472  INFO 8584 --- [restartedMain] d.s.w.p.DocumentationPluginsBootstrapper : Context refreshed
2019-06-18 14:55:32.504  INFO 8584 --- [restartedMain] d.s.w.p.DocumentationPluginsBootstrapper : Found 1 custom documentation plugin(s)
2019-06-18 14:55:32.587  INFO 8584 --- [restartedMain] s.d.s.w.s.ApiListingReferenceScanner     : Scanning for api listing references
2019-06-18 14:55:32.883  INFO 8584 --- [restartedMain] o.s.s.quartz.SchedulerFactoryBean        : Will start Quartz Scheduler [quartzScheduler] in 30 seconds
2019-06-18 14:55:32.975  INFO 8584 --- [restartedMain] o.s.b.w.embedded.tomcat.TomcatWebServer  : Tomcat started on port(s): 80 (http) with context path '/scott'
2019-06-18 14:55:32.985  INFO 8584 --- [restartedMain] com.scott.dp.DpApplication               : Started DpApplication in 37.857 seconds (JVM running for 39.969)
2019-06-18 14:55:32.995  INFO 8584 --- [restartedMain] com.scott.dp.DpApplication               : The Dp application has been started successfully!
2019-06-18 14:56:02.886  INFO 8584 --- [Quartz Scheduler [quartzScheduler]] o.s.s.quartz.SchedulerFactoryBean        : Starting Quartz Scheduler now, after delay of 30 seconds
2019-06-18 14:56:03.052  INFO 8584 --- [Quartz Scheduler [quartzScheduler]] o.s.s.quartz.LocalDataSourceJobStore     : ClusterManager: detected 1 failed or restarted instances.
2019-06-18 14:56:03.052  INFO 8584 --- [Quartz Scheduler [quartzScheduler]] o.s.s.quartz.LocalDataSourceJobStore     : ClusterManager: Scanning for instance "PC-Xue1559368492646"'s failed in-progress jobs.
2019-06-18 14:56:03.061  INFO 8584 --- [Quartz Scheduler [quartzScheduler]] org.quartz.core.QuartzScheduler          : Scheduler quartzScheduler_$_PC-Xue1560840924667 started.
2019-06-18 14:56:15.894  INFO 8584 --- [http-nio-80-exec-2] o.a.c.c.C.[Tomcat].[localhost].[/scott]  : Initializing Spring FrameworkServlet 'dispatcherServlet'
2019-06-18 14:56:15.895  INFO 8584 --- [http-nio-80-exec-2] o.s.web.servlet.DispatcherServlet        : FrameworkServlet 'dispatcherServlet': initialization started
2019-06-18 14:56:15.988  INFO 8584 --- [http-nio-80-exec-2] o.s.web.servlet.DispatcherServlet        : FrameworkServlet 'dispatcherServlet': initialization completed in 93 ms
2019-06-18 14:56:16.022  INFO 8584 --- [http-nio-80-exec-2] a.s.s.m.AbstractValidatingSessionManager : Enabling session validation scheduler...
2019-06-18 14:56:23.019 DEBUG 8584 --- [http-nio-80-exec-12] c.s.d.m.s.d.SysUserMapper.getByUserName  : ==>  Preparing: SELECT u.user_id, u.username, u.password, u.email, u.mobile, u.status, u.dept_id, (SELECT name FROM sys_department d WHERE d.id = u.dept_id) AS deptName FROM sys_user u WHERE u.username = ? 
2019-06-18 14:56:23.022 DEBUG 8584 --- [http-nio-80-exec-12] c.s.d.m.s.d.SysUserMapper.getByUserName  : ==> Parameters: admin(String)
2019-06-18 14:56:23.080 DEBUG 8584 --- [http-nio-80-exec-12] c.s.d.m.s.d.SysUserMapper.getByUserName  : <==      Total: 1
2019-06-18 14:56:23.176 DEBUG 8584 --- [http-nio-80-exec-12] c.s.d.modules.sys.dao.SysLogMapper.save  : ==>  Preparing: INSERT INTO sys_log ( user_id, username, operation, time, method, params, ip, gmt_create ) VALUES ( ?, ?, ?, ?, ?, ?, ?, NOW() ) 
2019-06-18 14:56:23.180 DEBUG 8584 --- [http-nio-80-exec-12] c.s.d.modules.sys.dao.SysLogMapper.save  : ==> Parameters: 1(Long), admin(String), (String), 98(Long), com.scott.dp.modules.sys.controller.SysLoginController.login()(String), {}(String), 0:0:0:0:0:0:0:1(String)
2019-06-18 14:56:23.198 DEBUG 8584 --- [http-nio-80-exec-12] c.s.d.modules.sys.dao.SysLogMapper.save  : <==    Updates: 1
2019-06-18 14:56:23.653 DEBUG 8584 --- [http-nio-80-exec-26] c.s.d.m.s.d.SysUserMapper.listAllMenuId  : ==>  Preparing: SELECT DISTINCT rm.menu_id FROM sys_user_role ur LEFT JOIN sys_role_menu rm ON ur.role_id = rm.role_id WHERE ur.user_id = ? 
2019-06-18 14:56:23.653 DEBUG 8584 --- [http-nio-80-exec-27] c.s.d.m.s.d.SysMenuMapper.listUserPerms  : ==>  Preparing: SELECT DISTINCT m.perms FROM sys_user_role ur LEFT JOIN sys_role_menu rm ON ur.role_id = rm.role_id LEFT JOIN sys_menu m ON rm.menu_id = m.menu_id WHERE ur.user_id = ? 
2019-06-18 14:56:23.658 DEBUG 8584 --- [http-nio-80-exec-26] c.s.d.m.s.d.SysUserMapper.listAllMenuId  : ==> Parameters: 1(Long)
2019-06-18 14:56:23.658 DEBUG 8584 --- [http-nio-80-exec-27] c.s.d.m.s.d.SysMenuMapper.listUserPerms  : ==> Parameters: 1(Long)
2019-06-18 14:56:23.681 DEBUG 8584 --- [http-nio-80-exec-27] c.s.d.m.s.d.SysMenuMapper.listUserPerms  : <==      Total: 66
2019-06-18 14:56:23.681 DEBUG 8584 --- [http-nio-80-exec-26] c.s.d.m.s.d.SysUserMapper.listAllMenuId  : <==      Total: 87
2019-06-18 14:56:23.683 DEBUG 8584 --- [http-nio-80-exec-26] c.s.d.m.s.d.SysMenuMapper.listParentId   : ==>  Preparing: SELECT menu_id, parent_id, name, url, type, icon, order_num FROM sys_menu WHERE parent_id = ? order by order_num asc 
2019-06-18 14:56:23.684 DEBUG 8584 --- [http-nio-80-exec-26] c.s.d.m.s.d.SysMenuMapper.listParentId   : ==> Parameters: 0(Long)
2019-06-18 14:56:23.686 DEBUG 8584 --- [http-nio-80-exec-26] c.s.d.m.s.d.SysMenuMapper.listParentId   : <==      Total: 5
2019-06-18 14:56:23.712 DEBUG 8584 --- [http-nio-80-exec-26] c.s.d.m.s.d.SysMenuMapper.listParentId   : ==>  Preparing: SELECT menu_id, parent_id, name, url, type, icon, order_num FROM sys_menu WHERE parent_id = ? order by order_num asc 
2019-06-18 14:56:23.713 DEBUG 8584 --- [http-nio-80-exec-26] c.s.d.m.s.d.SysMenuMapper.listParentId   : ==> Parameters: 70(Long)
2019-06-18 14:56:23.715 DEBUG 8584 --- [http-nio-80-exec-26] c.s.d.m.s.d.SysMenuMapper.listParentId   : <==      Total: 4
2019-06-18 14:56:23.716 DEBUG 8584 --- [http-nio-80-exec-26] c.s.d.m.s.d.SysMenuMapper.listParentId   : ==>  Preparing: SELECT menu_id, parent_id, name, url, type, icon, order_num FROM sys_menu WHERE parent_id = ? order by order_num asc 
2019-06-18 14:56:23.716 DEBUG 8584 --- [http-nio-80-exec-26] c.s.d.m.s.d.SysMenuMapper.listParentId   : ==> Parameters: 1(Long)
2019-06-18 14:56:23.718 DEBUG 8584 --- [http-nio-80-exec-26] c.s.d.m.s.d.SysMenuMapper.listParentId   : <==      Total: 5
2019-06-18 14:56:23.719 DEBUG 8584 --- [http-nio-80-exec-26] c.s.d.m.s.d.SysMenuMapper.listParentId   : ==>  Preparing: SELECT menu_id, parent_id, name, url, type, icon, order_num FROM sys_menu WHERE parent_id = ? order by order_num asc 
2019-06-18 14:56:23.720 DEBUG 8584 --- [http-nio-80-exec-26] c.s.d.m.s.d.SysMenuMapper.listParentId   : ==> Parameters: 3(Long)
2019-06-18 14:56:23.721 DEBUG 8584 --- [http-nio-80-exec-26] c.s.d.m.s.d.SysMenuMapper.listParentId   : <==      Total: 4
2019-06-18 14:56:23.722 DEBUG 8584 --- [http-nio-80-exec-26] c.s.d.m.s.d.SysMenuMapper.listParentId   : ==>  Preparing: SELECT menu_id, parent_id, name, url, type, icon, order_num FROM sys_menu WHERE parent_id = ? order by order_num asc 
2019-06-18 14:56:23.722 DEBUG 8584 --- [http-nio-80-exec-26] c.s.d.m.s.d.SysMenuMapper.listParentId   : ==> Parameters: 71(Long)
2019-06-18 14:56:23.724 DEBUG 8584 --- [http-nio-80-exec-26] c.s.d.m.s.d.SysMenuMapper.listParentId   : <==      Total: 2
2019-06-18 14:56:23.724 DEBUG 8584 --- [http-nio-80-exec-26] c.s.d.m.s.d.SysMenuMapper.listParentId   : ==>  Preparing: SELECT menu_id, parent_id, name, url, type, icon, order_num FROM sys_menu WHERE parent_id = ? order by order_num asc 
2019-06-18 14:56:23.725 DEBUG 8584 --- [http-nio-80-exec-26] c.s.d.m.s.d.SysMenuMapper.listParentId   : ==> Parameters: 77(Long)
2019-06-18 14:56:23.727 DEBUG 8584 --- [http-nio-80-exec-26] c.s.d.m.s.d.SysMenuMapper.listParentId   : <==      Total: 5
